TN:
SF:app.js
FN:27,(anonymous_0)
FNF:1
FNH:1
FNDA:1,(anonymous_0)
DA:1,1
DA:2,1
DA:3,1
DA:4,1
DA:6,1
DA:8,1
DA:10,1
DA:27,1
DA:28,1
DA:33,1
DA:37,1
LF:11
LH:11
BRF:0
BRH:0
end_of_record
TN:
SF:articles_routes\articles.js
FN:5,(anonymous_0)
FN:11,(anonymous_1)
FN:36,(anonymous_2)
FN:49,(anonymous_3)
FN:63,(anonymous_4)
FN:74,(anonymous_5)
FNF:6
FNH:2
FNDA:0,(anonymous_0)
FNDA:0,(anonymous_1)
FNDA:0,(anonymous_2)
FNDA:0,(anonymous_3)
FNDA:1,(anonymous_4)
FNDA:1,(anonymous_5)
DA:1,1
DA:2,1
DA:3,1
DA:5,1
DA:6,0
DA:7,0
DA:8,0
DA:11,1
DA:12,0
DA:14,0
DA:15,0
DA:16,0
DA:21,0
DA:22,0
DA:23,0
DA:29,0
DA:30,0
DA:36,1
DA:37,0
DA:38,0
DA:39,0
DA:40,0
DA:41,0
DA:42,0
DA:44,0
DA:45,0
DA:49,1
DA:50,0
DA:51,0
DA:52,0
DA:53,0
DA:54,0
DA:55,0
DA:57,0
DA:58,0
DA:63,1
DA:64,1
DA:65,1
DA:66,1
DA:68,0
DA:69,0
DA:74,1
DA:75,1
DA:76,1
DA:78,1
DA:80,0
DA:81,0
DA:85,1
LF:48
LH:16
BRDA:15,0,0,0
BRDA:15,0,1,0
BRDA:15,1,0,0
BRDA:15,1,1,0
BRDA:15,1,2,0
BRF:5
BRH:0
end_of_record
TN:
SF:models\ArticleSchema.js
FN:15,(anonymous_0)
FN:23,(anonymous_1)
FN:31,(anonymous_2)
FN:36,(anonymous_3)
FN:54,(anonymous_4)
FN:60,(anonymous_5)
FN:67,(anonymous_6)
FN:70,(anonymous_7)
FNF:8
FNH:4
FNDA:2,(anonymous_0)
FNDA:2,(anonymous_1)
FNDA:0,(anonymous_2)
FNDA:0,(anonymous_3)
FNDA:1,(anonymous_4)
FNDA:2,(anonymous_5)
FNDA:0,(anonymous_6)
FNDA:0,(anonymous_7)
DA:2,1
DA:4,1
DA:7,1
DA:9,1
DA:15,1
DA:16,2
DA:18,2
DA:25,2
DA:26,2
DA:27,2
DA:28,2
DA:29,2
DA:33,0
DA:35,0
DA:36,0
DA:37,0
DA:39,0
DA:40,0
DA:41,0
DA:42,0
DA:43,0
DA:46,0
DA:48,0
DA:51,0
DA:54,1
DA:56,1
DA:58,1
DA:60,1
DA:61,2
DA:62,2
DA:65,1
DA:67,1
DA:70,0
DA:71,0
DA:72,0
DA:75,0
DA:96,1
LF:37
LH:21
BRDA:37,0,0,0
BRDA:37,0,1,0
BRDA:46,1,0,0
BRDA:46,1,1,0
BRDA:71,2,0,0
BRDA:71,2,1,0
BRF:6
BRH:0
end_of_record
